<?xml version="1.0" encoding="UTF-8"?>
<!-- Generated by org.testng.reporters.JUnitXMLReporter -->
<testsuite hostname="ANANDRAJ-PC" name="Default test" tests="4" failures="0" timestamp="14 Apr 2021 15:32:32 GMT" time="15.851" errors="0">
  <testcase name="loginApp" time="4.654" classname="com.Way2.testcases.Testcases"/>
  <testcase name="DepositAmt" time="0.626" classname="com.Way2.testcases.Testcases"/>
  <testcase name="withdrawlAmt" time="10.39" classname="com.Way2.testcases.Testcases"/>
  <testcase name="logoutApp" time="0.149" classname="com.Way2.testcases.Testcases"/>
</testsuite> <!-- Default test -->
