<?xml version="1.0" encoding="UTF-8"?>
<testng-results skipped="0" failed="0" total="4" passed="4">
  <reporter-output>
  </reporter-output>
  <suite name="Default suite" duration-ms="15851" started-at="2021-04-14T15:32:16Z" finished-at="2021-04-14T15:32:32Z">
    <groups>
    </groups>
    <test name="Default test" duration-ms="15851" started-at="2021-04-14T15:32:16Z" finished-at="2021-04-14T15:32:32Z">
      <class name="com.Way2.testcases.Testcases">
        <test-method status="PASS" signature="launchBrowser()[pri:0, instance:com.Way2.testcases.Testcases@d80b78]" name="launchBrowser" is-config="true" duration-ms="3826" started-at="2021-04-14T21:02:12Z" finished-at="2021-04-14T21:02:16Z">
          <reporter-output>
          </reporter-output>
        </test-method> <!-- launchBrowser -->
        <test-method status="PASS" signature="loginApp()[pri:2, instance:com.Way2.testcases.Testcases@d80b78]" name="loginApp" duration-ms="4654" started-at="2021-04-14T21:02:16Z" finished-at="2021-04-14T21:02:21Z">
          <reporter-output>
          </reporter-output>
        </test-method> <!-- loginApp -->
        <test-method status="PASS" signature="DepositAmt()[pri:3, instance:com.Way2.testcases.Testcases@d80b78]" name="DepositAmt" duration-ms="626" started-at="2021-04-14T21:02:21Z" finished-at="2021-04-14T21:02:22Z">
          <reporter-output>
          </reporter-output>
        </test-method> <!-- DepositAmt -->
        <test-method status="PASS" signature="withdrawlAmt()[pri:4, instance:com.Way2.testcases.Testcases@d80b78]" name="withdrawlAmt" duration-ms="10390" started-at="2021-04-14T21:02:22Z" finished-at="2021-04-14T21:02:32Z">
          <reporter-output>
          </reporter-output>
        </test-method> <!-- withdrawlAmt -->
        <test-method status="PASS" signature="logoutApp()[pri:5, instance:com.Way2.testcases.Testcases@d80b78]" name="logoutApp" duration-ms="149" started-at="2021-04-14T21:02:32Z" finished-at="2021-04-14T21:02:32Z">
          <reporter-output>
          </reporter-output>
        </test-method> <!-- logoutApp -->
        <test-method status="PASS" signature="tearDown()[pri:0, instance:com.Way2.testcases.Testcases@d80b78]" name="tearDown" is-config="true" duration-ms="108" started-at="2021-04-14T21:02:32Z" finished-at="2021-04-14T21:02:32Z">
          <reporter-output>
          </reporter-output>
        </test-method> <!-- tearDown -->
      </class> <!-- com.Way2.testcases.Testcases -->
    </test> <!-- Default test -->
  </suite> <!-- Default suite -->
</testng-results>
